[16-Apr-2020 16:28:21 UTC] PHP Fatal error:  Uncaught Error: Call to undefined function WPCF_PRO\dd_filter() in /opt/bitnami/apps/wordpress/htdocs/wp-content/plugins/wp-crowdfunding-pro/classes/Updater.php:23
Stack trace:
#0 /opt/bitnami/apps/wordpress/htdocs/wp-content/plugins/wp-crowdfunding-pro/classes/Init.php(28): WPCF_PRO\Updater->__construct()
#1 /opt/bitnami/apps/wordpress/htdocs/wp-content/plugins/wp-crowdfunding-pro/wp-crowdfunding-pro.php(32): WPCF_PRO\Init->__construct()
#2 /opt/bitnami/apps/wordpress/htdocs/wp-admin/includes/plugin.php(659): include_once('/opt/bitnami/ap...')
#3 /opt/bitnami/apps/wordpress/htdocs/wp-admin/plugins.php(44): activate_plugin('wp-crowdfunding...', 'https://13.126....', false)
#4 {main}
  thrown in /opt/bitnami/apps/wordpress/htdocs/wp-content/plugins/wp-crowdfunding-pro/classes/Updater.php on line 23
[16-Apr-2020 16:28:28 UTC] PHP Fatal error:  Uncaught Error: Call to undefined function WPCF_PRO\dd_filter() in /opt/bitnami/apps/wordpress/htdocs/wp-content/plugins/wp-crowdfunding-pro/classes/Updater.php:23
Stack trace:
#0 /opt/bitnami/apps/wordpress/htdocs/wp-content/plugins/wp-crowdfunding-pro/classes/Init.php(28): WPCF_PRO\Updater->__construct()
#1 /opt/bitnami/apps/wordpress/htdocs/wp-content/plugins/wp-crowdfunding-pro/wp-crowdfunding-pro.php(32): WPCF_PRO\Init->__construct()
#2 /opt/bitnami/apps/wordpress/htdocs/wp-admin/includes/plugin.php(2255): include('/opt/bitnami/ap...')
#3 /opt/bitnami/apps/wordpress/htdocs/wp-admin/plugins.php(177): plugin_sandbox_scrape('wp-crowdfunding...')
#4 {main}

Next Exception: Call to undefined function WPCF_PRO\dd_filter() in /opt/bitnami/apps/wordpress/htdocs/wp-content/plugins/query-monitor/collectors/php_errors.php:82
Stack trace:
#0 [internal function]: QM_Collector_PHP_Errors->exception_handler(Object(Error))
#1 {main}
  thrown in /opt/bitnami/apps/wordpress/htdocs/wp-content/plugins/query-monitor/collectors/php_errors.php on line 82
[16-Apr-2020 16:28:28 UTC] PHP Fatal error:  Uncaught Error: Call to undefined function WPCF_PRO\dd_filter() in /opt/bitnami/apps/wordpress/htdocs/wp-content/plugins/wp-crowdfunding-pro/classes/Updater.php:23
Stack trace:
#0 /opt/bitnami/apps/wordpress/htdocs/wp-content/plugins/wp-crowdfunding-pro/classes/Init.php(28): WPCF_PRO\Updater->__construct()
#1 /opt/bitnami/apps/wordpress/htdocs/wp-content/plugins/wp-crowdfunding-pro/wp-crowdfunding-pro.php(32): WPCF_PRO\Init->__construct()
#2 /opt/bitnami/apps/wordpress/htdocs/wp-admin/includes/plugin.php(2255): include('/opt/bitnami/ap...')
#3 /opt/bitnami/apps/wordpress/htdocs/wp-admin/plugins.php(177): plugin_sandbox_scrape('wp-crowdfunding...')
#4 {main}

Next Exception: Call to undefined function WPCF_PRO\dd_filter() in /opt/bitnami/apps/wordpress/htdocs/wp-content/plugins/query-monitor/collectors/php_errors.php:82
Stack trace:
#0 [internal function]: QM_Collector_PHP_Errors->exception_handler(Object(Error))
#1 {main}
  thrown in /opt/bitnami/apps/wordpress/htdocs/wp-content/plugins/query-monitor/collectors/php_errors.php on line 82
[16-Apr-2020 16:28:55 UTC] PHP Fatal error:  Uncaught Error: Call to undefined function WPCF_PRO\dd_filter() in /opt/bitnami/apps/wordpress/htdocs/wp-content/plugins/wp-crowdfunding-pro/classes/Updater.php:23
Stack trace:
#0 /opt/bitnami/apps/wordpress/htdocs/wp-content/plugins/wp-crowdfunding-pro/classes/Init.php(28): WPCF_PRO\Updater->__construct()
#1 /opt/bitnami/apps/wordpress/htdocs/wp-content/plugins/wp-crowdfunding-pro/wp-crowdfunding-pro.php(32): WPCF_PRO\Init->__construct()
#2 /opt/bitnami/apps/wordpress/htdocs/wp-admin/includes/plugin.php(659): include_once('/opt/bitnami/ap...')
#3 /opt/bitnami/apps/wordpress/htdocs/wp-admin/plugins.php(44): activate_plugin('wp-crowdfunding...', 'https://13.126....', false)
#4 {main}
  thrown in /opt/bitnami/apps/wordpress/htdocs/wp-content/plugins/wp-crowdfunding-pro/classes/Updater.php on line 23
[16-Apr-2020 16:28:58 UTC] PHP Fatal error:  Uncaught Error: Call to undefined function WPCF_PRO\dd_filter() in /opt/bitnami/apps/wordpress/htdocs/wp-content/plugins/wp-crowdfunding-pro/classes/Updater.php:23
Stack trace:
#0 /opt/bitnami/apps/wordpress/htdocs/wp-content/plugins/wp-crowdfunding-pro/classes/Init.php(28): WPCF_PRO\Updater->__construct()
#1 /opt/bitnami/apps/wordpress/htdocs/wp-content/plugins/wp-crowdfunding-pro/wp-crowdfunding-pro.php(32): WPCF_PRO\Init->__construct()
#2 /opt/bitnami/apps/wordpress/htdocs/wp-admin/includes/plugin.php(2255): include('/opt/bitnami/ap...')
#3 /opt/bitnami/apps/wordpress/htdocs/wp-admin/plugins.php(177): plugin_sandbox_scrape('wp-crowdfunding...')
#4 {main}

Next Exception: Call to undefined function WPCF_PRO\dd_filter() in /opt/bitnami/apps/wordpress/htdocs/wp-content/plugins/query-monitor/collectors/php_errors.php:82
Stack trace:
#0 [internal function]: QM_Collector_PHP_Errors->exception_handler(Object(Error))
#1 {main}
  thrown in /opt/bitnami/apps/wordpress/htdocs/wp-content/plugins/query-monitor/collectors/php_errors.php on line 82
[16-Apr-2020 16:28:59 UTC] PHP Fatal error:  Uncaught Error: Call to undefined function WPCF_PRO\dd_filter() in /opt/bitnami/apps/wordpress/htdocs/wp-content/plugins/wp-crowdfunding-pro/classes/Updater.php:23
Stack trace:
#0 /opt/bitnami/apps/wordpress/htdocs/wp-content/plugins/wp-crowdfunding-pro/classes/Init.php(28): WPCF_PRO\Updater->__construct()
#1 /opt/bitnami/apps/wordpress/htdocs/wp-content/plugins/wp-crowdfunding-pro/wp-crowdfunding-pro.php(32): WPCF_PRO\Init->__construct()
#2 /opt/bitnami/apps/wordpress/htdocs/wp-admin/includes/plugin.php(2255): include('/opt/bitnami/ap...')
#3 /opt/bitnami/apps/wordpress/htdocs/wp-admin/plugins.php(177): plugin_sandbox_scrape('wp-crowdfunding...')
#4 {main}

Next Exception: Call to undefined function WPCF_PRO\dd_filter() in /opt/bitnami/apps/wordpress/htdocs/wp-content/plugins/query-monitor/collectors/php_errors.php:82
Stack trace:
#0 [internal function]: QM_Collector_PHP_Errors->exception_handler(Object(Error))
#1 {main}
  thrown in /opt/bitnami/apps/wordpress/htdocs/wp-content/plugins/query-monitor/collectors/php_errors.php on line 82
[16-Apr-2020 16:33:51 UTC] PHP Notice:  compact(): Undefined variable: item_arrow_icon in /opt/bitnami/apps/wordpress/htdocs/wp-content/themes/olympus/framework-customizations/extensions/megamenu/includes/class-fw-ext-mega-menu-custom-walker.php on line 99
[16-Apr-2020 16:33:51 UTC] PHP Notice:  compact(): Undefined variable: item_arrow_icon in /opt/bitnami/apps/wordpress/htdocs/wp-content/themes/olympus/framework-customizations/extensions/megamenu/includes/class-fw-ext-mega-menu-custom-walker.php on line 99
[16-Apr-2020 16:33:51 UTC] PHP Notice:  compact(): Undefined variable: item_arrow_icon in /opt/bitnami/apps/wordpress/htdocs/wp-content/themes/olympus/framework-customizations/extensions/megamenu/includes/class-fw-ext-mega-menu-custom-walker.php on line 99
[16-Apr-2020 16:33:51 UTC] PHP Notice:  compact(): Undefined variable: item_arrow_icon in /opt/bitnami/apps/wordpress/htdocs/wp-content/themes/olympus/framework-customizations/extensions/megamenu/includes/class-fw-ext-mega-menu-custom-walker.php on line 99
[16-Apr-2020 16:33:51 UTC] PHP Notice:  compact(): Undefined variable: item_arrow_icon in /opt/bitnami/apps/wordpress/htdocs/wp-content/themes/olympus/framework-customizations/extensions/megamenu/includes/class-fw-ext-mega-menu-custom-walker.php on line 99
[16-Apr-2020 16:33:51 UTC] PHP Notice:  compact(): Undefined variable: item_arrow_icon in /opt/bitnami/apps/wordpress/htdocs/wp-content/themes/olympus/framework-customizations/extensions/megamenu/includes/class-fw-ext-mega-menu-custom-walker.php on line 99
[16-Apr-2020 16:33:51 UTC] PHP Notice:  compact(): Undefined variable: item_arrow_icon in /opt/bitnami/apps/wordpress/htdocs/wp-content/themes/olympus/framework-customizations/extensions/megamenu/includes/class-fw-ext-mega-menu-custom-walker.php on line 99
[16-Apr-2020 16:33:51 UTC] PHP Notice:  compact(): Undefined variable: item_arrow_icon in /opt/bitnami/apps/wordpress/htdocs/wp-content/themes/olympus/framework-customizations/extensions/megamenu/includes/class-fw-ext-mega-menu-custom-walker.php on line 99
[16-Apr-2020 16:33:51 UTC] PHP Notice:  compact(): Undefined variable: item_arrow_icon in /opt/bitnami/apps/wordpress/htdocs/wp-content/themes/olympus/framework-customizations/extensions/megamenu/includes/class-fw-ext-mega-menu-custom-walker.php on line 99
[16-Apr-2020 16:33:51 UTC] PHP Notice:  compact(): Undefined variable: item_arrow_icon in /opt/bitnami/apps/wordpress/htdocs/wp-content/themes/olympus/framework-customizations/extensions/megamenu/includes/class-fw-ext-mega-menu-custom-walker.php on line 99
[16-Apr-2020 16:33:51 UTC] PHP Notice:  compact(): Undefined variable: item_arrow_icon in /opt/bitnami/apps/wordpress/htdocs/wp-content/themes/olympus/framework-customizations/extensions/megamenu/includes/class-fw-ext-mega-menu-custom-walker.php on line 99
[16-Apr-2020 16:33:51 UTC] PHP Notice:  compact(): Undefined variable: item_arrow_icon in /opt/bitnami/apps/wordpress/htdocs/wp-content/themes/olympus/framework-customizations/extensions/megamenu/includes/class-fw-ext-mega-menu-custom-walker.php on line 99
[16-Apr-2020 16:33:51 UTC] PHP Notice:  compact(): Undefined variable: item_arrow_icon in /opt/bitnami/apps/wordpress/htdocs/wp-content/themes/olympus/framework-customizations/extensions/megamenu/includes/class-fw-ext-mega-menu-custom-walker.php on line 99
[16-Apr-2020 16:33:51 UTC] PHP Notice:  compact(): Undefined variable: item_arrow_icon in /opt/bitnami/apps/wordpress/htdocs/wp-content/themes/olympus/framework-customizations/extensions/megamenu/includes/class-fw-ext-mega-menu-custom-walker.php on line 99
[16-Apr-2020 16:33:51 UTC] PHP Notice:  compact(): Undefined variable: item_arrow_icon in /opt/bitnami/apps/wordpress/htdocs/wp-content/themes/olympus/framework-customizations/extensions/megamenu/includes/class-fw-ext-mega-menu-custom-walker.php on line 99
[16-Apr-2020 16:33:51 UTC] PHP Notice:  compact(): Undefined variable: item_arrow_icon in /opt/bitnami/apps/wordpress/htdocs/wp-content/themes/olympus/framework-customizations/extensions/megamenu/includes/class-fw-ext-mega-menu-custom-walker.php on line 99
[16-Apr-2020 16:33:51 UTC] PHP Notice:  compact(): Undefined variable: item_arrow_icon in /opt/bitnami/apps/wordpress/htdocs/wp-content/themes/olympus/framework-customizations/extensions/megamenu/includes/class-fw-ext-mega-menu-custom-walker.php on line 99
[16-Apr-2020 16:33:51 UTC] PHP Notice:  compact(): Undefined variable: item_arrow_icon in /opt/bitnami/apps/wordpress/htdocs/wp-content/themes/olympus/framework-customizations/extensions/megamenu/includes/class-fw-ext-mega-menu-custom-walker.php on line 99
[16-Apr-2020 16:33:51 UTC] PHP Notice:  compact(): Undefined variable: item_arrow_icon in /opt/bitnami/apps/wordpress/htdocs/wp-content/themes/olympus/framework-customizations/extensions/megamenu/includes/class-fw-ext-mega-menu-custom-walker.php on line 99
[16-Apr-2020 16:33:51 UTC] PHP Notice:  compact(): Undefined variable: item_arrow_icon in /opt/bitnami/apps/wordpress/htdocs/wp-content/themes/olympus/framework-customizations/extensions/megamenu/includes/class-fw-ext-mega-menu-custom-walker.php on line 99
[16-Apr-2020 16:33:51 UTC] PHP Notice:  compact(): Undefined variable: item_arrow_icon in /opt/bitnami/apps/wordpress/htdocs/wp-content/themes/olympus/framework-customizations/extensions/megamenu/includes/class-fw-ext-mega-menu-custom-walker.php on line 99
[16-Apr-2020 16:33:51 UTC] PHP Notice:  compact(): Undefined variable: item_arrow_icon in /opt/bitnami/apps/wordpress/htdocs/wp-content/themes/olympus/framework-customizations/extensions/megamenu/includes/class-fw-ext-mega-menu-custom-walker.php on line 99
[16-Apr-2020 16:33:51 UTC] PHP Notice:  compact(): Undefined variable: item_arrow_icon in /opt/bitnami/apps/wordpress/htdocs/wp-content/themes/olympus/framework-customizations/extensions/megamenu/includes/class-fw-ext-mega-menu-custom-walker.php on line 99
[16-Apr-2020 16:33:51 UTC] PHP Notice:  compact(): Undefined variable: item_arrow_icon in /opt/bitnami/apps/wordpress/htdocs/wp-content/themes/olympus/framework-customizations/extensions/megamenu/includes/class-fw-ext-mega-menu-custom-walker.php on line 99
[16-Apr-2020 16:33:51 UTC] PHP Notice:  compact(): Undefined variable: item_arrow_icon in /opt/bitnami/apps/wordpress/htdocs/wp-content/themes/olympus/framework-customizations/extensions/megamenu/includes/class-fw-ext-mega-menu-custom-walker.php on line 99
[16-Apr-2020 16:33:51 UTC] PHP Notice:  compact(): Undefined variable: item_arrow_icon in /opt/bitnami/apps/wordpress/htdocs/wp-content/themes/olympus/framework-customizations/extensions/megamenu/includes/class-fw-ext-mega-menu-custom-walker.php on line 99
[16-Apr-2020 16:33:51 UTC] PHP Notice:  compact(): Undefined variable: item_arrow_icon in /opt/bitnami/apps/wordpress/htdocs/wp-content/themes/olympus/framework-customizations/extensions/megamenu/includes/class-fw-ext-mega-menu-custom-walker.php on line 99
[16-Apr-2020 16:33:51 UTC] PHP Notice:  compact(): Undefined variable: item_arrow_icon in /opt/bitnami/apps/wordpress/htdocs/wp-content/themes/olympus/framework-customizations/extensions/megamenu/includes/class-fw-ext-mega-menu-custom-walker.php on line 99
[16-Apr-2020 16:33:51 UTC] PHP Notice:  compact(): Undefined variable: item_arrow_icon in /opt/bitnami/apps/wordpress/htdocs/wp-content/themes/olympus/framework-customizations/extensions/megamenu/includes/class-fw-ext-mega-menu-custom-walker.php on line 99
[16-Apr-2020 16:33:51 UTC] PHP Notice:  compact(): Undefined variable: item_arrow_icon in /opt/bitnami/apps/wordpress/htdocs/wp-content/themes/olympus/framework-customizations/extensions/megamenu/includes/class-fw-ext-mega-menu-custom-walker.php on line 99
[16-Apr-2020 16:33:51 UTC] PHP Notice:  compact(): Undefined variable: item_arrow_icon in /opt/bitnami/apps/wordpress/htdocs/wp-content/themes/olympus/framework-customizations/extensions/megamenu/includes/class-fw-ext-mega-menu-custom-walker.php on line 99
[16-Apr-2020 16:33:51 UTC] PHP Notice:  compact(): Undefined variable: item_arrow_icon in /opt/bitnami/apps/wordpress/htdocs/wp-content/themes/olympus/framework-customizations/extensions/megamenu/includes/class-fw-ext-mega-menu-custom-walker.php on line 99
[16-Apr-2020 16:33:51 UTC] PHP Notice:  compact(): Undefined variable: item_arrow_icon in /opt/bitnami/apps/wordpress/htdocs/wp-content/themes/olympus/framework-customizations/extensions/megamenu/includes/class-fw-ext-mega-menu-custom-walker.php on line 99
[16-Apr-2020 16:33:51 UTC] PHP Notice:  compact(): Undefined variable: item_arrow_icon in /opt/bitnami/apps/wordpress/htdocs/wp-content/themes/olympus/framework-customizations/extensions/megamenu/includes/class-fw-ext-mega-menu-custom-walker.php on line 99
[16-Apr-2020 16:33:51 UTC] PHP Notice:  compact(): Undefined variable: item_arrow_icon in /opt/bitnami/apps/wordpress/htdocs/wp-content/themes/olympus/framework-customizations/extensions/megamenu/includes/class-fw-ext-mega-menu-custom-walker.php on line 99
[16-Apr-2020 16:33:51 UTC] PHP Notice:  compact(): Undefined variable: item_arrow_icon in /opt/bitnami/apps/wordpress/htdocs/wp-content/themes/olympus/framework-customizations/extensions/megamenu/includes/class-fw-ext-mega-menu-custom-walker.php on line 99
[16-Apr-2020 16:33:51 UTC] PHP Notice:  compact(): Undefined variable: item_arrow_icon in /opt/bitnami/apps/wordpress/htdocs/wp-content/themes/olympus/framework-customizations/extensions/megamenu/includes/class-fw-ext-mega-menu-custom-walker.php on line 99
[16-Apr-2020 16:33:51 UTC] PHP Notice:  compact(): Undefined variable: item_arrow_icon in /opt/bitnami/apps/wordpress/htdocs/wp-content/themes/olympus/framework-customizations/extensions/megamenu/includes/class-fw-ext-mega-menu-custom-walker.php on line 99
[16-Apr-2020 16:33:51 UTC] PHP Notice:  compact(): Undefined variable: item_arrow_icon in /opt/bitnami/apps/wordpress/htdocs/wp-content/themes/olympus/framework-customizations/extensions/megamenu/includes/class-fw-ext-mega-menu-custom-walker.php on line 99
[16-Apr-2020 16:33:51 UTC] PHP Notice:  compact(): Undefined variable: item_arrow_icon in /opt/bitnami/apps/wordpress/htdocs/wp-content/themes/olympus/framework-customizations/extensions/megamenu/includes/class-fw-ext-mega-menu-custom-walker.php on line 99
[16-Apr-2020 16:33:51 UTC] PHP Notice:  compact(): Undefined variable: item_arrow_icon in /opt/bitnami/apps/wordpress/htdocs/wp-content/themes/olympus/framework-customizations/extensions/megamenu/includes/class-fw-ext-mega-menu-custom-walker.php on line 99
[16-Apr-2020 16:33:51 UTC] PHP Notice:  compact(): Undefined variable: item_arrow_icon in /opt/bitnami/apps/wordpress/htdocs/wp-content/themes/olympus/framework-customizations/extensions/megamenu/includes/class-fw-ext-mega-menu-custom-walker.php on line 99
[16-Apr-2020 16:33:51 UTC] PHP Notice:  compact(): Undefined variable: item_arrow_icon in /opt/bitnami/apps/wordpress/htdocs/wp-content/themes/olympus/framework-customizations/extensions/megamenu/includes/class-fw-ext-mega-menu-custom-walker.php on line 99
[16-Apr-2020 16:34:45 UTC] PHP Notice:  compact(): Undefined variable: item_arrow_icon in /opt/bitnami/apps/wordpress/htdocs/wp-content/themes/olympus/framework-customizations/extensions/megamenu/includes/class-fw-ext-mega-menu-custom-walker.php on line 99
[16-Apr-2020 16:34:45 UTC] PHP Notice:  compact(): Undefined variable: item_arrow_icon in /opt/bitnami/apps/wordpress/htdocs/wp-content/themes/olympus/framework-customizations/extensions/megamenu/includes/class-fw-ext-mega-menu-custom-walker.php on line 99
[16-Apr-2020 16:34:45 UTC] PHP Notice:  compact(): Undefined variable: item_arrow_icon in /opt/bitnami/apps/wordpress/htdocs/wp-content/themes/olympus/framework-customizations/extensions/megamenu/includes/class-fw-ext-mega-menu-custom-walker.php on line 99
[16-Apr-2020 16:34:45 UTC] PHP Notice:  compact(): Undefined variable: item_arrow_icon in /opt/bitnami/apps/wordpress/htdocs/wp-content/themes/olympus/framework-customizations/extensions/megamenu/includes/class-fw-ext-mega-menu-custom-walker.php on line 99
[16-Apr-2020 16:34:45 UTC] PHP Notice:  compact(): Undefined variable: item_arrow_icon in /opt/bitnami/apps/wordpress/htdocs/wp-content/themes/olympus/framework-customizations/extensions/megamenu/includes/class-fw-ext-mega-menu-custom-walker.php on line 99
[16-Apr-2020 16:34:45 UTC] PHP Notice:  compact(): Undefined variable: item_arrow_icon in /opt/bitnami/apps/wordpress/htdocs/wp-content/themes/olympus/framework-customizations/extensions/megamenu/includes/class-fw-ext-mega-menu-custom-walker.php on line 99
[16-Apr-2020 16:34:45 UTC] PHP Notice:  compact(): Undefined variable: item_arrow_icon in /opt/bitnami/apps/wordpress/htdocs/wp-content/themes/olympus/framework-customizations/extensions/megamenu/includes/class-fw-ext-mega-menu-custom-walker.php on line 99
[16-Apr-2020 16:34:45 UTC] PHP Notice:  compact(): Undefined variable: item_arrow_icon in /opt/bitnami/apps/wordpress/htdocs/wp-content/themes/olympus/framework-customizations/extensions/megamenu/includes/class-fw-ext-mega-menu-custom-walker.php on line 99
[16-Apr-2020 16:34:45 UTC] PHP Notice:  compact(): Undefined variable: item_arrow_icon in /opt/bitnami/apps/wordpress/htdocs/wp-content/themes/olympus/framework-customizations/extensions/megamenu/includes/class-fw-ext-mega-menu-custom-walker.php on line 99
[16-Apr-2020 16:34:45 UTC] PHP Notice:  compact(): Undefined variable: item_arrow_icon in /opt/bitnami/apps/wordpress/htdocs/wp-content/themes/olympus/framework-customizations/extensions/megamenu/includes/class-fw-ext-mega-menu-custom-walker.php on line 99
[16-Apr-2020 16:34:45 UTC] PHP Notice:  compact(): Undefined variable: item_arrow_icon in /opt/bitnami/apps/wordpress/htdocs/wp-content/themes/olympus/framework-customizations/extensions/megamenu/includes/class-fw-ext-mega-menu-custom-walker.php on line 99
[16-Apr-2020 16:34:45 UTC] PHP Notice:  compact(): Undefined variable: item_arrow_icon in /opt/bitnami/apps/wordpress/htdocs/wp-content/themes/olympus/framework-customizations/extensions/megamenu/includes/class-fw-ext-mega-menu-custom-walker.php on line 99
[16-Apr-2020 16:34:45 UTC] PHP Notice:  compact(): Undefined variable: item_arrow_icon in /opt/bitnami/apps/wordpress/htdocs/wp-content/themes/olympus/framework-customizations/extensions/megamenu/includes/class-fw-ext-mega-menu-custom-walker.php on line 99
[16-Apr-2020 16:34:45 UTC] PHP Notice:  compact(): Undefined variable: item_arrow_icon in /opt/bitnami/apps/wordpress/htdocs/wp-content/themes/olympus/framework-customizations/extensions/megamenu/includes/class-fw-ext-mega-menu-custom-walker.php on line 99
[16-Apr-2020 16:34:45 UTC] PHP Notice:  compact(): Undefined variable: item_arrow_icon in /opt/bitnami/apps/wordpress/htdocs/wp-content/themes/olympus/framework-customizations/extensions/megamenu/includes/class-fw-ext-mega-menu-custom-walker.php on line 99
[16-Apr-2020 16:34:45 UTC] PHP Notice:  compact(): Undefined variable: item_arrow_icon in /opt/bitnami/apps/wordpress/htdocs/wp-content/themes/olympus/framework-customizations/extensions/megamenu/includes/class-fw-ext-mega-menu-custom-walker.php on line 99
[16-Apr-2020 16:34:45 UTC] PHP Notice:  compact(): Undefined variable: item_arrow_icon in /opt/bitnami/apps/wordpress/htdocs/wp-content/themes/olympus/framework-customizations/extensions/megamenu/includes/class-fw-ext-mega-menu-custom-walker.php on line 99
[16-Apr-2020 16:34:45 UTC] PHP Notice:  compact(): Undefined variable: item_arrow_icon in /opt/bitnami/apps/wordpress/htdocs/wp-content/themes/olympus/framework-customizations/extensions/megamenu/includes/class-fw-ext-mega-menu-custom-walker.php on line 99
[16-Apr-2020 16:34:45 UTC] PHP Notice:  compact(): Undefined variable: item_arrow_icon in /opt/bitnami/apps/wordpress/htdocs/wp-content/themes/olympus/framework-customizations/extensions/megamenu/includes/class-fw-ext-mega-menu-custom-walker.php on line 99
[16-Apr-2020 16:34:45 UTC] PHP Notice:  compact(): Undefined variable: item_arrow_icon in /opt/bitnami/apps/wordpress/htdocs/wp-content/themes/olympus/framework-customizations/extensions/megamenu/includes/class-fw-ext-mega-menu-custom-walker.php on line 99
[16-Apr-2020 16:34:45 UTC] PHP Notice:  compact(): Undefined variable: item_arrow_icon in /opt/bitnami/apps/wordpress/htdocs/wp-content/themes/olympus/framework-customizations/extensions/megamenu/includes/class-fw-ext-mega-menu-custom-walker.php on line 99
[16-Apr-2020 16:34:45 UTC] PHP Notice:  compact(): Undefined variable: item_arrow_icon in /opt/bitnami/apps/wordpress/htdocs/wp-content/themes/olympus/framework-customizations/extensions/megamenu/includes/class-fw-ext-mega-menu-custom-walker.php on line 99
[16-Apr-2020 16:34:45 UTC] PHP Notice:  compact(): Undefined variable: item_arrow_icon in /opt/bitnami/apps/wordpress/htdocs/wp-content/themes/olympus/framework-customizations/extensions/megamenu/includes/class-fw-ext-mega-menu-custom-walker.php on line 99
[16-Apr-2020 16:34:45 UTC] PHP Notice:  compact(): Undefined variable: item_arrow_icon in /opt/bitnami/apps/wordpress/htdocs/wp-content/themes/olympus/framework-customizations/extensions/megamenu/includes/class-fw-ext-mega-menu-custom-walker.php on line 99
[16-Apr-2020 16:34:45 UTC] PHP Notice:  compact(): Undefined variable: item_arrow_icon in /opt/bitnami/apps/wordpress/htdocs/wp-content/themes/olympus/framework-customizations/extensions/megamenu/includes/class-fw-ext-mega-menu-custom-walker.php on line 99
[16-Apr-2020 16:34:45 UTC] PHP Notice:  compact(): Undefined variable: item_arrow_icon in /opt/bitnami/apps/wordpress/htdocs/wp-content/themes/olympus/framework-customizations/extensions/megamenu/includes/class-fw-ext-mega-menu-custom-walker.php on line 99
[16-Apr-2020 16:34:45 UTC] PHP Notice:  compact(): Undefined variable: item_arrow_icon in /opt/bitnami/apps/wordpress/htdocs/wp-content/themes/olympus/framework-customizations/extensions/megamenu/includes/class-fw-ext-mega-menu-custom-walker.php on line 99
[16-Apr-2020 16:34:45 UTC] PHP Notice:  compact(): Undefined variable: item_arrow_icon in /opt/bitnami/apps/wordpress/htdocs/wp-content/themes/olympus/framework-customizations/extensions/megamenu/includes/class-fw-ext-mega-menu-custom-walker.php on line 99
[16-Apr-2020 16:34:45 UTC] PHP Notice:  compact(): Undefined variable: item_arrow_icon in /opt/bitnami/apps/wordpress/htdocs/wp-content/themes/olympus/framework-customizations/extensions/megamenu/includes/class-fw-ext-mega-menu-custom-walker.php on line 99
[16-Apr-2020 16:34:45 UTC] PHP Notice:  compact(): Undefined variable: item_arrow_icon in /opt/bitnami/apps/wordpress/htdocs/wp-content/themes/olympus/framework-customizations/extensions/megamenu/includes/class-fw-ext-mega-menu-custom-walker.php on line 99
[16-Apr-2020 16:34:45 UTC] PHP Notice:  compact(): Undefined variable: item_arrow_icon in /opt/bitnami/apps/wordpress/htdocs/wp-content/themes/olympus/framework-customizations/extensions/megamenu/includes/class-fw-ext-mega-menu-custom-walker.php on line 99
[16-Apr-2020 16:34:45 UTC] PHP Notice:  compact(): Undefined variable: item_arrow_icon in /opt/bitnami/apps/wordpress/htdocs/wp-content/themes/olympus/framework-customizations/extensions/megamenu/includes/class-fw-ext-mega-menu-custom-walker.php on line 99
[16-Apr-2020 16:34:45 UTC] PHP Notice:  compact(): Undefined variable: item_arrow_icon in /opt/bitnami/apps/wordpress/htdocs/wp-content/themes/olympus/framework-customizations/extensions/megamenu/includes/class-fw-ext-mega-menu-custom-walker.php on line 99
[16-Apr-2020 16:34:45 UTC] PHP Notice:  compact(): Undefined variable: item_arrow_icon in /opt/bitnami/apps/wordpress/htdocs/wp-content/themes/olympus/framework-customizations/extensions/megamenu/includes/class-fw-ext-mega-menu-custom-walker.php on line 99
[16-Apr-2020 16:34:45 UTC] PHP Notice:  compact(): Undefined variable: item_arrow_icon in /opt/bitnami/apps/wordpress/htdocs/wp-content/themes/olympus/framework-customizations/extensions/megamenu/includes/class-fw-ext-mega-menu-custom-walker.php on line 99
[16-Apr-2020 16:34:45 UTC] PHP Notice:  compact(): Undefined variable: item_arrow_icon in /opt/bitnami/apps/wordpress/htdocs/wp-content/themes/olympus/framework-customizations/extensions/megamenu/includes/class-fw-ext-mega-menu-custom-walker.php on line 99
[16-Apr-2020 16:34:45 UTC] PHP Notice:  compact(): Undefined variable: item_arrow_icon in /opt/bitnami/apps/wordpress/htdocs/wp-content/themes/olympus/framework-customizations/extensions/megamenu/includes/class-fw-ext-mega-menu-custom-walker.php on line 99
[16-Apr-2020 16:34:45 UTC] PHP Notice:  compact(): Undefined variable: item_arrow_icon in /opt/bitnami/apps/wordpress/htdocs/wp-content/themes/olympus/framework-customizations/extensions/megamenu/includes/class-fw-ext-mega-menu-custom-walker.php on line 99
[16-Apr-2020 16:34:45 UTC] PHP Notice:  compact(): Undefined variable: item_arrow_icon in /opt/bitnami/apps/wordpress/htdocs/wp-content/themes/olympus/framework-customizations/extensions/megamenu/includes/class-fw-ext-mega-menu-custom-walker.php on line 99
[16-Apr-2020 16:34:45 UTC] PHP Notice:  compact(): Undefined variable: item_arrow_icon in /opt/bitnami/apps/wordpress/htdocs/wp-content/themes/olympus/framework-customizations/extensions/megamenu/includes/class-fw-ext-mega-menu-custom-walker.php on line 99
[16-Apr-2020 16:34:45 UTC] PHP Notice:  compact(): Undefined variable: item_arrow_icon in /opt/bitnami/apps/wordpress/htdocs/wp-content/themes/olympus/framework-customizations/extensions/megamenu/includes/class-fw-ext-mega-menu-custom-walker.php on line 99
[16-Apr-2020 16:34:45 UTC] PHP Notice:  compact(): Undefined variable: item_arrow_icon in /opt/bitnami/apps/wordpress/htdocs/wp-content/themes/olympus/framework-customizations/extensions/megamenu/includes/class-fw-ext-mega-menu-custom-walker.php on line 99
[16-Apr-2020 16:34:45 UTC] PHP Notice:  compact(): Undefined variable: item_arrow_icon in /opt/bitnami/apps/wordpress/htdocs/wp-content/themes/olympus/framework-customizations/extensions/megamenu/includes/class-fw-ext-mega-menu-custom-walker.php on line 99
[16-Apr-2020 16:34:45 UTC] PHP Notice:  compact(): Undefined variable: item_arrow_icon in /opt/bitnami/apps/wordpress/htdocs/wp-content/themes/olympus/framework-customizations/extensions/megamenu/includes/class-fw-ext-mega-menu-custom-walker.php on line 99
[16-Apr-2020 16:34:54 UTC] PHP Notice:  compact(): Undefined variable: item_arrow_icon in /opt/bitnami/apps/wordpress/htdocs/wp-content/themes/olympus/framework-customizations/extensions/megamenu/includes/class-fw-ext-mega-menu-custom-walker.php on line 99
[16-Apr-2020 16:34:54 UTC] PHP Notice:  compact(): Undefined variable: item_arrow_icon in /opt/bitnami/apps/wordpress/htdocs/wp-content/themes/olympus/framework-customizations/extensions/megamenu/includes/class-fw-ext-mega-menu-custom-walker.php on line 99
[16-Apr-2020 16:34:54 UTC] PHP Notice:  compact(): Undefined variable: item_arrow_icon in /opt/bitnami/apps/wordpress/htdocs/wp-content/themes/olympus/framework-customizations/extensions/megamenu/includes/class-fw-ext-mega-menu-custom-walker.php on line 99
[16-Apr-2020 16:34:54 UTC] PHP Notice:  compact(): Undefined variable: item_arrow_icon in /opt/bitnami/apps/wordpress/htdocs/wp-content/themes/olympus/framework-customizations/extensions/megamenu/includes/class-fw-ext-mega-menu-custom-walker.php on line 99
[16-Apr-2020 16:34:54 UTC] PHP Notice:  compact(): Undefined variable: item_arrow_icon in /opt/bitnami/apps/wordpress/htdocs/wp-content/themes/olympus/framework-customizations/extensions/megamenu/includes/class-fw-ext-mega-menu-custom-walker.php on line 99
[16-Apr-2020 16:34:54 UTC] PHP Notice:  compact(): Undefined variable: item_arrow_icon in /opt/bitnami/apps/wordpress/htdocs/wp-content/themes/olympus/framework-customizations/extensions/megamenu/includes/class-fw-ext-mega-menu-custom-walker.php on line 99
[16-Apr-2020 16:34:54 UTC] PHP Notice:  compact(): Undefined variable: item_arrow_icon in /opt/bitnami/apps/wordpress/htdocs/wp-content/themes/olympus/framework-customizations/extensions/megamenu/includes/class-fw-ext-mega-menu-custom-walker.php on line 99
[16-Apr-2020 16:34:54 UTC] PHP Notice:  compact(): Undefined variable: item_arrow_icon in /opt/bitnami/apps/wordpress/htdocs/wp-content/themes/olympus/framework-customizations/extensions/megamenu/includes/class-fw-ext-mega-menu-custom-walker.php on line 99
[16-Apr-2020 16:34:54 UTC] PHP Notice:  compact(): Undefined variable: item_arrow_icon in /opt/bitnami/apps/wordpress/htdocs/wp-content/themes/olympus/framework-customizations/extensions/megamenu/includes/class-fw-ext-mega-menu-custom-walker.php on line 99
[16-Apr-2020 16:34:54 UTC] PHP Notice:  compact(): Undefined variable: item_arrow_icon in /opt/bitnami/apps/wordpress/htdocs/wp-content/themes/olympus/framework-customizations/extensions/megamenu/includes/class-fw-ext-mega-menu-custom-walker.php on line 99
[16-Apr-2020 16:34:54 UTC] PHP Notice:  compact(): Undefined variable: item_arrow_icon in /opt/bitnami/apps/wordpress/htdocs/wp-content/themes/olympus/framework-customizations/extensions/megamenu/includes/class-fw-ext-mega-menu-custom-walker.php on line 99
[16-Apr-2020 16:34:54 UTC] PHP Notice:  compact(): Undefined variable: item_arrow_icon in /opt/bitnami/apps/wordpress/htdocs/wp-content/themes/olympus/framework-customizations/extensions/megamenu/includes/class-fw-ext-mega-menu-custom-walker.php on line 99
[16-Apr-2020 16:34:54 UTC] PHP Notice:  compact(): Undefined variable: item_arrow_icon in /opt/bitnami/apps/wordpress/htdocs/wp-content/themes/olympus/framework-customizations/extensions/megamenu/includes/class-fw-ext-mega-menu-custom-walker.php on line 99
[16-Apr-2020 16:34:54 UTC] PHP Notice:  compact(): Undefined variable: item_arrow_icon in /opt/bitnami/apps/wordpress/htdocs/wp-content/themes/olympus/framework-customizations/extensions/megamenu/includes/class-fw-ext-mega-menu-custom-walker.php on line 99
[16-Apr-2020 16:34:54 UTC] PHP Notice:  compact(): Undefined variable: item_arrow_icon in /opt/bitnami/apps/wordpress/htdocs/wp-content/themes/olympus/framework-customizations/extensions/megamenu/includes/class-fw-ext-mega-menu-custom-walker.php on line 99
[16-Apr-2020 16:34:54 UTC] PHP Notice:  compact(): Undefined variable: item_arrow_icon in /opt/bitnami/apps/wordpress/htdocs/wp-content/themes/olympus/framework-customizations/extensions/megamenu/includes/class-fw-ext-mega-menu-custom-walker.php on line 99
[16-Apr-2020 16:34:54 UTC] PHP Notice:  compact(): Undefined variable: item_arrow_icon in /opt/bitnami/apps/wordpress/htdocs/wp-content/themes/olympus/framework-customizations/extensions/megamenu/includes/class-fw-ext-mega-menu-custom-walker.php on line 99
[16-Apr-2020 16:34:54 UTC] PHP Notice:  compact(): Undefined variable: item_arrow_icon in /opt/bitnami/apps/wordpress/htdocs/wp-content/themes/olympus/framework-customizations/extensions/megamenu/includes/class-fw-ext-mega-menu-custom-walker.php on line 99
[16-Apr-2020 16:34:54 UTC] PHP Notice:  compact(): Undefined variable: item_arrow_icon in /opt/bitnami/apps/wordpress/htdocs/wp-content/themes/olympus/framework-customizations/extensions/megamenu/includes/class-fw-ext-mega-menu-custom-walker.php on line 99
[16-Apr-2020 16:34:54 UTC] PHP Notice:  compact(): Undefined variable: item_arrow_icon in /opt/bitnami/apps/wordpress/htdocs/wp-content/themes/olympus/framework-customizations/extensions/megamenu/includes/class-fw-ext-mega-menu-custom-walker.php on line 99
[16-Apr-2020 16:34:54 UTC] PHP Notice:  compact(): Undefined variable: item_arrow_icon in /opt/bitnami/apps/wordpress/htdocs/wp-content/themes/olympus/framework-customizations/extensions/megamenu/includes/class-fw-ext-mega-menu-custom-walker.php on line 99
[16-Apr-2020 16:34:54 UTC] PHP Notice:  compact(): Undefined variable: item_arrow_icon in /opt/bitnami/apps/wordpress/htdocs/wp-content/themes/olympus/framework-customizations/extensions/megamenu/includes/class-fw-ext-mega-menu-custom-walker.php on line 99
[16-Apr-2020 16:34:54 UTC] PHP Notice:  compact(): Undefined variable: item_arrow_icon in /opt/bitnami/apps/wordpress/htdocs/wp-content/themes/olympus/framework-customizations/extensions/megamenu/includes/class-fw-ext-mega-menu-custom-walker.php on line 99
[16-Apr-2020 16:34:54 UTC] PHP Notice:  compact(): Undefined variable: item_arrow_icon in /opt/bitnami/apps/wordpress/htdocs/wp-content/themes/olympus/framework-customizations/extensions/megamenu/includes/class-fw-ext-mega-menu-custom-walker.php on line 99
[16-Apr-2020 16:34:54 UTC] PHP Notice:  compact(): Undefined variable: item_arrow_icon in /opt/bitnami/apps/wordpress/htdocs/wp-content/themes/olympus/framework-customizations/extensions/megamenu/includes/class-fw-ext-mega-menu-custom-walker.php on line 99
[16-Apr-2020 16:34:54 UTC] PHP Notice:  compact(): Undefined variable: item_arrow_icon in /opt/bitnami/apps/wordpress/htdocs/wp-content/themes/olympus/framework-customizations/extensions/megamenu/includes/class-fw-ext-mega-menu-custom-walker.php on line 99
[16-Apr-2020 16:34:54 UTC] PHP Notice:  compact(): Undefined variable: item_arrow_icon in /opt/bitnami/apps/wordpress/htdocs/wp-content/themes/olympus/framework-customizations/extensions/megamenu/includes/class-fw-ext-mega-menu-custom-walker.php on line 99
[16-Apr-2020 16:34:54 UTC] PHP Notice:  compact(): Undefined variable: item_arrow_icon in /opt/bitnami/apps/wordpress/htdocs/wp-content/themes/olympus/framework-customizations/extensions/megamenu/includes/class-fw-ext-mega-menu-custom-walker.php on line 99
[16-Apr-2020 16:34:54 UTC] PHP Notice:  compact(): Undefined variable: item_arrow_icon in /opt/bitnami/apps/wordpress/htdocs/wp-content/themes/olympus/framework-customizations/extensions/megamenu/includes/class-fw-ext-mega-menu-custom-walker.php on line 99
[16-Apr-2020 16:34:54 UTC] PHP Notice:  compact(): Undefined variable: item_arrow_icon in /opt/bitnami/apps/wordpress/htdocs/wp-content/themes/olympus/framework-customizations/extensions/megamenu/includes/class-fw-ext-mega-menu-custom-walker.php on line 99
[16-Apr-2020 16:34:54 UTC] PHP Notice:  compact(): Undefined variable: item_arrow_icon in /opt/bitnami/apps/wordpress/htdocs/wp-content/themes/olympus/framework-customizations/extensions/megamenu/includes/class-fw-ext-mega-menu-custom-walker.php on line 99
[16-Apr-2020 16:34:54 UTC] PHP Notice:  compact(): Undefined variable: item_arrow_icon in /opt/bitnami/apps/wordpress/htdocs/wp-content/themes/olympus/framework-customizations/extensions/megamenu/includes/class-fw-ext-mega-menu-custom-walker.php on line 99
[16-Apr-2020 16:34:54 UTC] PHP Notice:  compact(): Undefined variable: item_arrow_icon in /opt/bitnami/apps/wordpress/htdocs/wp-content/themes/olympus/framework-customizations/extensions/megamenu/includes/class-fw-ext-mega-menu-custom-walker.php on line 99
[16-Apr-2020 16:34:54 UTC] PHP Notice:  compact(): Undefined variable: item_arrow_icon in /opt/bitnami/apps/wordpress/htdocs/wp-content/themes/olympus/framework-customizations/extensions/megamenu/includes/class-fw-ext-mega-menu-custom-walker.php on line 99
[16-Apr-2020 16:34:54 UTC] PHP Notice:  compact(): Undefined variable: item_arrow_icon in /opt/bitnami/apps/wordpress/htdocs/wp-content/themes/olympus/framework-customizations/extensions/megamenu/includes/class-fw-ext-mega-menu-custom-walker.php on line 99
[16-Apr-2020 16:34:54 UTC] PHP Notice:  compact(): Undefined variable: item_arrow_icon in /opt/bitnami/apps/wordpress/htdocs/wp-content/themes/olympus/framework-customizations/extensions/megamenu/includes/class-fw-ext-mega-menu-custom-walker.php on line 99
[16-Apr-2020 16:34:54 UTC] PHP Notice:  compact(): Undefined variable: item_arrow_icon in /opt/bitnami/apps/wordpress/htdocs/wp-content/themes/olympus/framework-customizations/extensions/megamenu/includes/class-fw-ext-mega-menu-custom-walker.php on line 99
[16-Apr-2020 16:34:54 UTC] PHP Notice:  compact(): Undefined variable: item_arrow_icon in /opt/bitnami/apps/wordpress/htdocs/wp-content/themes/olympus/framework-customizations/extensions/megamenu/includes/class-fw-ext-mega-menu-custom-walker.php on line 99
[16-Apr-2020 16:34:54 UTC] PHP Notice:  compact(): Undefined variable: item_arrow_icon in /opt/bitnami/apps/wordpress/htdocs/wp-content/themes/olympus/framework-customizations/extensions/megamenu/includes/class-fw-ext-mega-menu-custom-walker.php on line 99
[16-Apr-2020 16:34:54 UTC] PHP Notice:  compact(): Undefined variable: item_arrow_icon in /opt/bitnami/apps/wordpress/htdocs/wp-content/themes/olympus/framework-customizations/extensions/megamenu/includes/class-fw-ext-mega-menu-custom-walker.php on line 99
[16-Apr-2020 16:34:54 UTC] PHP Notice:  compact(): Undefined variable: item_arrow_icon in /opt/bitnami/apps/wordpress/htdocs/wp-content/themes/olympus/framework-customizations/extensions/megamenu/includes/class-fw-ext-mega-menu-custom-walker.php on line 99
[16-Apr-2020 16:34:54 UTC] PHP Notice:  compact(): Undefined variable: item_arrow_icon in /opt/bitnami/apps/wordpress/htdocs/wp-content/themes/olympus/framework-customizations/extensions/megamenu/includes/class-fw-ext-mega-menu-custom-walker.php on line 99
[16-Apr-2020 16:34:54 UTC] PHP Notice:  compact(): Undefined variable: item_arrow_icon in /opt/bitnami/apps/wordpress/htdocs/wp-content/themes/olympus/framework-customizations/extensions/megamenu/includes/class-fw-ext-mega-menu-custom-walker.php on line 99
[16-Apr-2020 16:34:54 UTC] PHP Notice:  compact(): Undefined variable: item_arrow_icon in /opt/bitnami/apps/wordpress/htdocs/wp-content/themes/olympus/framework-customizations/extensions/megamenu/includes/class-fw-ext-mega-menu-custom-walker.php on line 99
[16-Apr-2020 16:35:07 UTC] PHP Notice:  compact(): Undefined variable: item_arrow_icon in /opt/bitnami/apps/wordpress/htdocs/wp-content/themes/olympus/framework-customizations/extensions/megamenu/includes/class-fw-ext-mega-menu-custom-walker.php on line 99
[16-Apr-2020 16:35:07 UTC] PHP Notice:  compact(): Undefined variable: item_arrow_icon in /opt/bitnami/apps/wordpress/htdocs/wp-content/themes/olympus/framework-customizations/extensions/megamenu/includes/class-fw-ext-mega-menu-custom-walker.php on line 99
[16-Apr-2020 16:35:07 UTC] PHP Notice:  compact(): Undefined variable: item_arrow_icon in /opt/bitnami/apps/wordpress/htdocs/wp-content/themes/olympus/framework-customizations/extensions/megamenu/includes/class-fw-ext-mega-menu-custom-walker.php on line 99
[16-Apr-2020 16:35:07 UTC] PHP Notice:  compact(): Undefined variable: item_arrow_icon in /opt/bitnami/apps/wordpress/htdocs/wp-content/themes/olympus/framework-customizations/extensions/megamenu/includes/class-fw-ext-mega-menu-custom-walker.php on line 99
[16-Apr-2020 16:35:07 UTC] PHP Notice:  compact(): Undefined variable: item_arrow_icon in /opt/bitnami/apps/wordpress/htdocs/wp-content/themes/olympus/framework-customizations/extensions/megamenu/includes/class-fw-ext-mega-menu-custom-walker.php on line 99
[16-Apr-2020 16:35:07 UTC] PHP Notice:  compact(): Undefined variable: item_arrow_icon in /opt/bitnami/apps/wordpress/htdocs/wp-content/themes/olympus/framework-customizations/extensions/megamenu/includes/class-fw-ext-mega-menu-custom-walker.php on line 99
[16-Apr-2020 16:35:07 UTC] PHP Notice:  compact(): Undefined variable: item_arrow_icon in /opt/bitnami/apps/wordpress/htdocs/wp-content/themes/olympus/framework-customizations/extensions/megamenu/includes/class-fw-ext-mega-menu-custom-walker.php on line 99
[16-Apr-2020 16:35:07 UTC] PHP Notice:  compact(): Undefined variable: item_arrow_icon in /opt/bitnami/apps/wordpress/htdocs/wp-content/themes/olympus/framework-customizations/extensions/megamenu/includes/class-fw-ext-mega-menu-custom-walker.php on line 99
[16-Apr-2020 16:35:07 UTC] PHP Notice:  compact(): Undefined variable: item_arrow_icon in /opt/bitnami/apps/wordpress/htdocs/wp-content/themes/olympus/framework-customizations/extensions/megamenu/includes/class-fw-ext-mega-menu-custom-walker.php on line 99
[16-Apr-2020 16:35:07 UTC] PHP Notice:  compact(): Undefined variable: item_arrow_icon in /opt/bitnami/apps/wordpress/htdocs/wp-content/themes/olympus/framework-customizations/extensions/megamenu/includes/class-fw-ext-mega-menu-custom-walker.php on line 99
[16-Apr-2020 16:35:07 UTC] PHP Notice:  compact(): Undefined variable: item_arrow_icon in /opt/bitnami/apps/wordpress/htdocs/wp-content/themes/olympus/framework-customizations/extensions/megamenu/includes/class-fw-ext-mega-menu-custom-walker.php on line 99
[16-Apr-2020 16:35:07 UTC] PHP Notice:  compact(): Undefined variable: item_arrow_icon in /opt/bitnami/apps/wordpress/htdocs/wp-content/themes/olympus/framework-customizations/extensions/megamenu/includes/class-fw-ext-mega-menu-custom-walker.php on line 99
[16-Apr-2020 16:35:07 UTC] PHP Notice:  compact(): Undefined variable: item_arrow_icon in /opt/bitnami/apps/wordpress/htdocs/wp-content/themes/olympus/framework-customizations/extensions/megamenu/includes/class-fw-ext-mega-menu-custom-walker.php on line 99
[16-Apr-2020 16:35:07 UTC] PHP Notice:  compact(): Undefined variable: item_arrow_icon in /opt/bitnami/apps/wordpress/htdocs/wp-content/themes/olympus/framework-customizations/extensions/megamenu/includes/class-fw-ext-mega-menu-custom-walker.php on line 99
[16-Apr-2020 16:35:07 UTC] PHP Notice:  compact(): Undefined variable: item_arrow_icon in /opt/bitnami/apps/wordpress/htdocs/wp-content/themes/olympus/framework-customizations/extensions/megamenu/includes/class-fw-ext-mega-menu-custom-walker.php on line 99
[16-Apr-2020 16:35:07 UTC] PHP Notice:  compact(): Undefined variable: item_arrow_icon in /opt/bitnami/apps/wordpress/htdocs/wp-content/themes/olympus/framework-customizations/extensions/megamenu/includes/class-fw-ext-mega-menu-custom-walker.php on line 99
[16-Apr-2020 16:35:07 UTC] PHP Notice:  compact(): Undefined variable: item_arrow_icon in /opt/bitnami/apps/wordpress/htdocs/wp-content/themes/olympus/framework-customizations/extensions/megamenu/includes/class-fw-ext-mega-menu-custom-walker.php on line 99
[16-Apr-2020 16:35:07 UTC] PHP Notice:  compact(): Undefined variable: item_arrow_icon in /opt/bitnami/apps/wordpress/htdocs/wp-content/themes/olympus/framework-customizations/extensions/megamenu/includes/class-fw-ext-mega-menu-custom-walker.php on line 99
[16-Apr-2020 16:35:07 UTC] PHP Notice:  compact(): Undefined variable: item_arrow_icon in /opt/bitnami/apps/wordpress/htdocs/wp-content/themes/olympus/framework-customizations/extensions/megamenu/includes/class-fw-ext-mega-menu-custom-walker.php on line 99
[16-Apr-2020 16:35:07 UTC] PHP Notice:  compact(): Undefined variable: item_arrow_icon in /opt/bitnami/apps/wordpress/htdocs/wp-content/themes/olympus/framework-customizations/extensions/megamenu/includes/class-fw-ext-mega-menu-custom-walker.php on line 99
[16-Apr-2020 16:35:07 UTC] PHP Notice:  compact(): Undefined variable: item_arrow_icon in /opt/bitnami/apps/wordpress/htdocs/wp-content/themes/olympus/framework-customizations/extensions/megamenu/includes/class-fw-ext-mega-menu-custom-walker.php on line 99
[16-Apr-2020 16:35:07 UTC] PHP Notice:  compact(): Undefined variable: item_arrow_icon in /opt/bitnami/apps/wordpress/htdocs/wp-content/themes/olympus/framework-customizations/extensions/megamenu/includes/class-fw-ext-mega-menu-custom-walker.php on line 99
[16-Apr-2020 16:35:07 UTC] PHP Notice:  compact(): Undefined variable: item_arrow_icon in /opt/bitnami/apps/wordpress/htdocs/wp-content/themes/olympus/framework-customizations/extensions/megamenu/includes/class-fw-ext-mega-menu-custom-walker.php on line 99
[16-Apr-2020 16:35:07 UTC] PHP Notice:  compact(): Undefined variable: item_arrow_icon in /opt/bitnami/apps/wordpress/htdocs/wp-content/themes/olympus/framework-customizations/extensions/megamenu/includes/class-fw-ext-mega-menu-custom-walker.php on line 99
[16-Apr-2020 16:35:07 UTC] PHP Notice:  compact(): Undefined variable: item_arrow_icon in /opt/bitnami/apps/wordpress/htdocs/wp-content/themes/olympus/framework-customizations/extensions/megamenu/includes/class-fw-ext-mega-menu-custom-walker.php on line 99
[16-Apr-2020 16:35:07 UTC] PHP Notice:  compact(): Undefined variable: item_arrow_icon in /opt/bitnami/apps/wordpress/htdocs/wp-content/themes/olympus/framework-customizations/extensions/megamenu/includes/class-fw-ext-mega-menu-custom-walker.php on line 99
[16-Apr-2020 16:35:07 UTC] PHP Notice:  compact(): Undefined variable: item_arrow_icon in /opt/bitnami/apps/wordpress/htdocs/wp-content/themes/olympus/framework-customizations/extensions/megamenu/includes/class-fw-ext-mega-menu-custom-walker.php on line 99
[16-Apr-2020 16:35:07 UTC] PHP Notice:  compact(): Undefined variable: item_arrow_icon in /opt/bitnami/apps/wordpress/htdocs/wp-content/themes/olympus/framework-customizations/extensions/megamenu/includes/class-fw-ext-mega-menu-custom-walker.php on line 99
[16-Apr-2020 16:35:07 UTC] PHP Notice:  compact(): Undefined variable: item_arrow_icon in /opt/bitnami/apps/wordpress/htdocs/wp-content/themes/olympus/framework-customizations/extensions/megamenu/includes/class-fw-ext-mega-menu-custom-walker.php on line 99
[16-Apr-2020 16:35:07 UTC] PHP Notice:  compact(): Undefined variable: item_arrow_icon in /opt/bitnami/apps/wordpress/htdocs/wp-content/themes/olympus/framework-customizations/extensions/megamenu/includes/class-fw-ext-mega-menu-custom-walker.php on line 99
[16-Apr-2020 16:35:07 UTC] PHP Notice:  compact(): Undefined variable: item_arrow_icon in /opt/bitnami/apps/wordpress/htdocs/wp-content/themes/olympus/framework-customizations/extensions/megamenu/includes/class-fw-ext-mega-menu-custom-walker.php on line 99
[16-Apr-2020 16:35:07 UTC] PHP Notice:  compact(): Undefined variable: item_arrow_icon in /opt/bitnami/apps/wordpress/htdocs/wp-content/themes/olympus/framework-customizations/extensions/megamenu/includes/class-fw-ext-mega-menu-custom-walker.php on line 99
[16-Apr-2020 16:35:07 UTC] PHP Notice:  compact(): Undefined variable: item_arrow_icon in /opt/bitnami/apps/wordpress/htdocs/wp-content/themes/olympus/framework-customizations/extensions/megamenu/includes/class-fw-ext-mega-menu-custom-walker.php on line 99
[16-Apr-2020 16:35:07 UTC] PHP Notice:  compact(): Undefined variable: item_arrow_icon in /opt/bitnami/apps/wordpress/htdocs/wp-content/themes/olympus/framework-customizations/extensions/megamenu/includes/class-fw-ext-mega-menu-custom-walker.php on line 99
[16-Apr-2020 16:35:07 UTC] PHP Notice:  compact(): Undefined variable: item_arrow_icon in /opt/bitnami/apps/wordpress/htdocs/wp-content/themes/olympus/framework-customizations/extensions/megamenu/includes/class-fw-ext-mega-menu-custom-walker.php on line 99
[16-Apr-2020 16:35:07 UTC] PHP Notice:  compact(): Undefined variable: item_arrow_icon in /opt/bitnami/apps/wordpress/htdocs/wp-content/themes/olympus/framework-customizations/extensions/megamenu/includes/class-fw-ext-mega-menu-custom-walker.php on line 99
[16-Apr-2020 16:35:07 UTC] PHP Notice:  compact(): Undefined variable: item_arrow_icon in /opt/bitnami/apps/wordpress/htdocs/wp-content/themes/olympus/framework-customizations/extensions/megamenu/includes/class-fw-ext-mega-menu-custom-walker.php on line 99
[16-Apr-2020 16:35:07 UTC] PHP Notice:  compact(): Undefined variable: item_arrow_icon in /opt/bitnami/apps/wordpress/htdocs/wp-content/themes/olympus/framework-customizations/extensions/megamenu/includes/class-fw-ext-mega-menu-custom-walker.php on line 99
[16-Apr-2020 16:35:07 UTC] PHP Notice:  compact(): Undefined variable: item_arrow_icon in /opt/bitnami/apps/wordpress/htdocs/wp-content/themes/olympus/framework-customizations/extensions/megamenu/includes/class-fw-ext-mega-menu-custom-walker.php on line 99
[16-Apr-2020 16:35:07 UTC] PHP Notice:  compact(): Undefined variable: item_arrow_icon in /opt/bitnami/apps/wordpress/htdocs/wp-content/themes/olympus/framework-customizations/extensions/megamenu/includes/class-fw-ext-mega-menu-custom-walker.php on line 99
[16-Apr-2020 16:35:07 UTC] PHP Notice:  compact(): Undefined variable: item_arrow_icon in /opt/bitnami/apps/wordpress/htdocs/wp-content/themes/olympus/framework-customizations/extensions/megamenu/includes/class-fw-ext-mega-menu-custom-walker.php on line 99
[16-Apr-2020 16:35:07 UTC] PHP Notice:  compact(): Undefined variable: item_arrow_icon in /opt/bitnami/apps/wordpress/htdocs/wp-content/themes/olympus/framework-customizations/extensions/megamenu/includes/class-fw-ext-mega-menu-custom-walker.php on line 99
[16-Apr-2020 16:35:07 UTC] PHP Notice:  compact(): Undefined variable: item_arrow_icon in /opt/bitnami/apps/wordpress/htdocs/wp-content/themes/olympus/framework-customizations/extensions/megamenu/includes/class-fw-ext-mega-menu-custom-walker.php on line 99
[16-Apr-2020 16:35:07 UTC] PHP Notice:  compact(): Undefined variable: item_arrow_icon in /opt/bitnami/apps/wordpress/htdocs/wp-content/themes/olympus/framework-customizations/extensions/megamenu/includes/class-fw-ext-mega-menu-custom-walker.php on line 99
