2020-04-16T16:28:21+00:00 CRITICAL Uncaught Error: Call to undefined function WPCF_PRO\dd_filter() in /opt/bitnami/apps/wordpress/htdocs/wp-content/plugins/wp-crowdfunding-pro/classes/Updater.php:23
Stack trace:
#0 /opt/bitnami/apps/wordpress/htdocs/wp-content/plugins/wp-crowdfunding-pro/classes/Init.php(28): WPCF_PRO\Updater->__construct()
#1 /opt/bitnami/apps/wordpress/htdocs/wp-content/plugins/wp-crowdfunding-pro/wp-crowdfunding-pro.php(32): WPCF_PRO\Init->__construct()
#2 /opt/bitnami/apps/wordpress/htdocs/wp-admin/includes/plugin.php(659): include_once('/opt/bitnami/ap...')
#3 /opt/bitnami/apps/wordpress/htdocs/wp-admin/plugins.php(44): activate_plugin('wp-crowdfunding...', 'https://13.126....', false)
#4 {main}
  thrown in /opt/bitnami/apps/wordpress/htdocs/wp-content/plugins/wp-crowdfunding-pro/classes/Updater.php on line 23

2020-04-16T16:28:28+00:00 CRITICAL Uncaught Error: Call to undefined function WPCF_PRO\dd_filter() in /opt/bitnami/apps/wordpress/htdocs/wp-content/plugins/wp-crowdfunding-pro/classes/Updater.php:23
Stack trace:
#0 /opt/bitnami/apps/wordpress/htdocs/wp-content/plugins/wp-crowdfunding-pro/classes/Init.php(28): WPCF_PRO\Updater->__construct()
#1 /opt/bitnami/apps/wordpress/htdocs/wp-content/plugins/wp-crowdfunding-pro/wp-crowdfunding-pro.php(32): WPCF_PRO\Init->__construct()
#2 /opt/bitnami/apps/wordpress/htdocs/wp-admin/includes/plugin.php(2255): include('/opt/bitnami/ap...')
#3 /opt/bitnami/apps/wordpress/htdocs/wp-admin/plugins.php(177): plugin_sandbox_scrape('wp-crowdfunding...')
#4 {main}

Next Exception: Call to undefined function WPCF_PRO\dd_filter() in /opt/bitnami/apps/wordpress/htdocs/wp-content/plugins/query-monitor/collectors/php_errors.php:82
Stack trace:
#0 [internal function]: QM_Collector_PHP_Errors->exception_handler(Object(Error))
#1 {main}
  thrown in /opt/bitnami/apps/wordpress/htdocs/wp-content/plugins/query-monitor/collectors/php_errors.php on line 82

2020-04-16T16:28:28+00:00 CRITICAL Uncaught Error: Call to undefined function WPCF_PRO\dd_filter() in /opt/bitnami/apps/wordpress/htdocs/wp-content/plugins/wp-crowdfunding-pro/classes/Updater.php:23
Stack trace:
#0 /opt/bitnami/apps/wordpress/htdocs/wp-content/plugins/wp-crowdfunding-pro/classes/Init.php(28): WPCF_PRO\Updater->__construct()
#1 /opt/bitnami/apps/wordpress/htdocs/wp-content/plugins/wp-crowdfunding-pro/wp-crowdfunding-pro.php(32): WPCF_PRO\Init->__construct()
#2 /opt/bitnami/apps/wordpress/htdocs/wp-admin/includes/plugin.php(2255): include('/opt/bitnami/ap...')
#3 /opt/bitnami/apps/wordpress/htdocs/wp-admin/plugins.php(177): plugin_sandbox_scrape('wp-crowdfunding...')
#4 {main}

Next Exception: Call to undefined function WPCF_PRO\dd_filter() in /opt/bitnami/apps/wordpress/htdocs/wp-content/plugins/query-monitor/collectors/php_errors.php:82
Stack trace:
#0 [internal function]: QM_Collector_PHP_Errors->exception_handler(Object(Error))
#1 {main}
  thrown in /opt/bitnami/apps/wordpress/htdocs/wp-content/plugins/query-monitor/collectors/php_errors.php on line 82

2020-04-16T16:28:55+00:00 CRITICAL Uncaught Error: Call to undefined function WPCF_PRO\dd_filter() in /opt/bitnami/apps/wordpress/htdocs/wp-content/plugins/wp-crowdfunding-pro/classes/Updater.php:23
Stack trace:
#0 /opt/bitnami/apps/wordpress/htdocs/wp-content/plugins/wp-crowdfunding-pro/classes/Init.php(28): WPCF_PRO\Updater->__construct()
#1 /opt/bitnami/apps/wordpress/htdocs/wp-content/plugins/wp-crowdfunding-pro/wp-crowdfunding-pro.php(32): WPCF_PRO\Init->__construct()
#2 /opt/bitnami/apps/wordpress/htdocs/wp-admin/includes/plugin.php(659): include_once('/opt/bitnami/ap...')
#3 /opt/bitnami/apps/wordpress/htdocs/wp-admin/plugins.php(44): activate_plugin('wp-crowdfunding...', 'https://13.126....', false)
#4 {main}
  thrown in /opt/bitnami/apps/wordpress/htdocs/wp-content/plugins/wp-crowdfunding-pro/classes/Updater.php on line 23

2020-04-16T16:28:58+00:00 CRITICAL Uncaught Error: Call to undefined function WPCF_PRO\dd_filter() in /opt/bitnami/apps/wordpress/htdocs/wp-content/plugins/wp-crowdfunding-pro/classes/Updater.php:23
Stack trace:
#0 /opt/bitnami/apps/wordpress/htdocs/wp-content/plugins/wp-crowdfunding-pro/classes/Init.php(28): WPCF_PRO\Updater->__construct()
#1 /opt/bitnami/apps/wordpress/htdocs/wp-content/plugins/wp-crowdfunding-pro/wp-crowdfunding-pro.php(32): WPCF_PRO\Init->__construct()
#2 /opt/bitnami/apps/wordpress/htdocs/wp-admin/includes/plugin.php(2255): include('/opt/bitnami/ap...')
#3 /opt/bitnami/apps/wordpress/htdocs/wp-admin/plugins.php(177): plugin_sandbox_scrape('wp-crowdfunding...')
#4 {main}

Next Exception: Call to undefined function WPCF_PRO\dd_filter() in /opt/bitnami/apps/wordpress/htdocs/wp-content/plugins/query-monitor/collectors/php_errors.php:82
Stack trace:
#0 [internal function]: QM_Collector_PHP_Errors->exception_handler(Object(Error))
#1 {main}
  thrown in /opt/bitnami/apps/wordpress/htdocs/wp-content/plugins/query-monitor/collectors/php_errors.php on line 82

2020-04-16T16:28:59+00:00 CRITICAL Uncaught Error: Call to undefined function WPCF_PRO\dd_filter() in /opt/bitnami/apps/wordpress/htdocs/wp-content/plugins/wp-crowdfunding-pro/classes/Updater.php:23
Stack trace:
#0 /opt/bitnami/apps/wordpress/htdocs/wp-content/plugins/wp-crowdfunding-pro/classes/Init.php(28): WPCF_PRO\Updater->__construct()
#1 /opt/bitnami/apps/wordpress/htdocs/wp-content/plugins/wp-crowdfunding-pro/wp-crowdfunding-pro.php(32): WPCF_PRO\Init->__construct()
#2 /opt/bitnami/apps/wordpress/htdocs/wp-admin/includes/plugin.php(2255): include('/opt/bitnami/ap...')
#3 /opt/bitnami/apps/wordpress/htdocs/wp-admin/plugins.php(177): plugin_sandbox_scrape('wp-crowdfunding...')
#4 {main}

Next Exception: Call to undefined function WPCF_PRO\dd_filter() in /opt/bitnami/apps/wordpress/htdocs/wp-content/plugins/query-monitor/collectors/php_errors.php:82
Stack trace:
#0 [internal function]: QM_Collector_PHP_Errors->exception_handler(Object(Error))
#1 {main}
  thrown in /opt/bitnami/apps/wordpress/htdocs/wp-content/plugins/query-monitor/collectors/php_errors.php on line 82

